[Thu Jun 11 13:35:46 UTC 2026] Running RWA...
✅ Job completed. runId=90d026e3-15b1-40ee-b2b0-87d11c2459c6
[Thu Jun 11 13:35:48 UTC 2026] Running ECL...
✅ Job completed. runId=0fb4787a-f70b-4356-aa96-2432351f7482
[Thu Jun 11 13:35:49 UTC 2026] Running LTV...
[Thu Jun 11 13:35:56 UTC 2026] Running RWA...
✅ Job completed. runId=9e668e19-a972-4b57-ae1d-3d06e4aa7430
[Thu Jun 11 13:35:57 UTC 2026] Running ECL...
✅ Job completed. runId=406e0e2f-2872-4e91-a1f7-9b2e834123ba
[Thu Jun 11 13:35:58 UTC 2026] Running LTV...
✅ Job completed. runId=948a8736-8b95-4e6c-886f-e30f5d29ba74
Sleeping for 5 minutes...
[Thu Jun 11 13:41:02 UTC 2026] Running RWA...
✅ Job completed. runId=fac2b167-e315-444e-93c7-4f77ae6cb0e8
[Thu Jun 11 13:41:03 UTC 2026] Running ECL...
✅ Job completed. runId=5ad5dbdc-9602-4997-8c0b-6edafaef63ea
[Thu Jun 11 13:41:04 UTC 2026] Running LTV...
✅ Job completed. runId=76b43468-f627-4318-ae44-614f2c56bcd2
Sleeping for 5 minutes...
[Thu Jun 11 13:46:10 UTC 2026] Running RWA...
✅ Job completed. runId=082699f0-dfb0-4c1c-b9b9-1f96238bb029
[Thu Jun 11 13:46:12 UTC 2026] Running ECL...
✅ Job completed. runId=88a3684b-36be-4eec-983e-05b32e4fe70c
[Thu Jun 11 13:46:13 UTC 2026] Running LTV...
✅ Job completed. runId=f8d7b647-f0be-4af4-82fe-44f73a36e626
Sleeping for 5 minutes...
[Thu Jun 11 13:51:17 UTC 2026] Running RWA...
✅ Job completed. runId=f179f3aa-c704-43b9-942b-5c478e94f728
[Thu Jun 11 13:51:18 UTC 2026] Running ECL...
✅ Job completed. runId=cad9b61e-99b2-4647-88e5-6cfe91e7dbbf
[Thu Jun 11 13:51:19 UTC 2026] Running LTV...
✅ Job completed. runId=b5afb09c-3f88-4acc-9d98-630d839c61e2
Sleeping for 5 minutes...
[Thu Jun 11 13:56:23 UTC 2026] Running RWA...
✅ Job completed. runId=3ab77d65-80d4-48ed-b76d-d6c94859bb0c
[Thu Jun 11 13:56:24 UTC 2026] Running ECL...
✅ Job completed. runId=0889191b-a114-43a5-9c95-b9ca2efcf912
[Thu Jun 11 13:56:25 UTC 2026] Running LTV...
✅ Job completed. runId=b2f79d59-5d3d-4e30-8244-422f1c454025
Sleeping for 5 minutes...
[Thu Jun 11 14:01:29 UTC 2026] Running RWA...
✅ Job completed. runId=62df4de4-ed4d-40e0-83d1-6ff7402d4775
[Thu Jun 11 14:01:31 UTC 2026] Running ECL...
✅ Job completed. runId=1b354e73-62fd-4c33-bd82-bad3b6d4044f
[Thu Jun 11 14:01:31 UTC 2026] Running LTV...
✅ Job completed. runId=9f24e89e-7f08-4c72-a41d-0b0d14f6ff80
Sleeping for 5 minutes...
[Thu Jun 11 14:06:35 UTC 2026] Running RWA...
✅ Job completed. runId=8f21f66e-9a9b-4a0a-b4bc-42ae40cdd7d6
[Thu Jun 11 14:06:37 UTC 2026] Running ECL...
✅ Job completed. runId=84459975-2432-4240-9c25-43e9262e7017
[Thu Jun 11 14:06:38 UTC 2026] Running LTV...
✅ Job completed. runId=1dc297a5-4fab-4e28-b272-ad2ab20d1dc8
Sleeping for 5 minutes...
[Thu Jun 11 14:11:41 UTC 2026] Running RWA...
✅ Job completed. runId=13b4b69a-f2ab-45b7-bc21-e8eb3d07bb46
[Thu Jun 11 14:11:43 UTC 2026] Running ECL...
✅ Job completed. runId=faa36552-6f92-422b-937f-a81262c2d85b
[Thu Jun 11 14:11:44 UTC 2026] Running LTV...
✅ Job completed. runId=8b34c112-cbb7-4070-b1ed-0b7284788944
Sleeping for 5 minutes...
[Thu Jun 11 14:16:47 UTC 2026] Running RWA...
✅ Job completed. runId=3da6e463-f4e8-43f7-9c33-3d74f3a0cd27
[Thu Jun 11 14:16:49 UTC 2026] Running ECL...
✅ Job completed. runId=e8a2c86b-d4f9-433f-8e28-cc1f57c366e4
[Thu Jun 11 14:16:50 UTC 2026] Running LTV...
✅ Job completed. runId=7ca6c036-6462-4707-b0a8-990be809aac6
Sleeping for 5 minutes...
[Thu Jun 11 14:21:54 UTC 2026] Running RWA...
✅ Job completed. runId=13369a39-402d-4132-bc59-ebac57e48e84
[Thu Jun 11 14:21:55 UTC 2026] Running ECL...
✅ Job completed. runId=2dc18dff-863a-432e-a846-9a8ed9f42023
[Thu Jun 11 14:21:56 UTC 2026] Running LTV...
✅ Job completed. runId=d3811ab7-872f-4d6d-a241-1a4eb0f8a958
Sleeping for 5 minutes...
[Thu Jun 11 14:27:00 UTC 2026] Running RWA...
✅ Job completed. runId=8a60e2b0-7079-4cac-b418-4c600bd4f34b
[Thu Jun 11 14:27:01 UTC 2026] Running ECL...
✅ Job completed. runId=4b6d741a-08c4-4442-a861-9dead2b407c8
[Thu Jun 11 14:27:02 UTC 2026] Running LTV...
✅ Job completed. runId=ee26d72d-54ad-4f49-9254-a54dcb477fde
Sleeping for 5 minutes...
[Thu Jun 11 14:32:06 UTC 2026] Running RWA...
✅ Job completed. runId=2f4092c9-0e5b-40f0-ab44-960ee3897fa5
[Thu Jun 11 14:32:07 UTC 2026] Running ECL...
✅ Job completed. runId=0b22d043-4c5a-4821-8a00-24899f36f4b3
[Thu Jun 11 14:32:08 UTC 2026] Running LTV...
✅ Job completed. runId=810b4484-db4d-4038-8834-f92fea39b729
Sleeping for 5 minutes...
[Thu Jun 11 14:37:12 UTC 2026] Running RWA...
✅ Job completed. runId=c05ac464-8ff2-44cc-b357-b3f080ec1c05
[Thu Jun 11 14:37:14 UTC 2026] Running ECL...
✅ Job completed. runId=36c75cc3-8f6d-4c3a-902a-e37b263bdee3
[Thu Jun 11 14:37:14 UTC 2026] Running LTV...
✅ Job completed. runId=b287ad59-c503-4cb3-9167-efd647f3e658
Sleeping for 5 minutes...
[Thu Jun 11 14:42:18 UTC 2026] Running RWA...
✅ Job completed. runId=d020b263-84db-427e-9c2a-d22fbe5f810f
[Thu Jun 11 14:42:20 UTC 2026] Running ECL...
✅ Job completed. runId=0ed99fd9-7111-44a8-b921-22e1e4220257
[Thu Jun 11 14:42:21 UTC 2026] Running LTV...
✅ Job completed. runId=847364a1-c83d-49e8-b220-640d75cbd453
Sleeping for 5 minutes...
[Thu Jun 11 14:47:24 UTC 2026] Running RWA...
✅ Job completed. runId=34b43a70-b693-46ca-9ac7-167133a0e80c
[Thu Jun 11 14:47:26 UTC 2026] Running ECL...
✅ Job completed. runId=29034bbf-d845-43d0-82c3-7c6c1805c1a4
[Thu Jun 11 14:47:27 UTC 2026] Running LTV...
✅ Job completed. runId=7b575313-5e1b-4f26-b7e1-5ee7c5d5ed72
Sleeping for 5 minutes...
[Thu Jun 11 14:52:30 UTC 2026] Running RWA...
✅ Job completed. runId=083d29bc-82f2-4018-8698-1a93d1c80d11
[Thu Jun 11 14:52:32 UTC 2026] Running ECL...
✅ Job completed. runId=944725a9-2236-4ed5-9a1b-c73efd9fc456
[Thu Jun 11 14:52:33 UTC 2026] Running LTV...
✅ Job completed. runId=c48531b4-8b31-4208-b948-6cc8bc4ed91f
Sleeping for 5 minutes...
[Thu Jun 11 14:57:36 UTC 2026] Running RWA...
✅ Job completed. runId=88a795ba-8436-48b2-beea-0d18b579b238
[Thu Jun 11 14:57:38 UTC 2026] Running ECL...
✅ Job completed. runId=d77fb2c7-6841-406c-8243-244ac5e7250c
[Thu Jun 11 14:57:39 UTC 2026] Running LTV...
✅ Job completed. runId=c3764b0d-1ad4-476e-9371-a7273aad9da5
Sleeping for 5 minutes...
[Thu Jun 11 15:02:43 UTC 2026] Running RWA...
✅ Job completed. runId=084d078b-6e38-411c-b079-25180a610a30
[Thu Jun 11 15:02:44 UTC 2026] Running ECL...
✅ Job completed. runId=2c2c53f6-f1fc-40d5-9948-9ec3a85a5cff
[Thu Jun 11 15:02:45 UTC 2026] Running LTV...
✅ Job completed. runId=359da3a9-8819-42b7-a6ba-35fffef44f83
Sleeping for 5 minutes...
[Thu Jun 11 15:07:49 UTC 2026] Running RWA...
✅ Job completed. runId=086551aa-9107-4a07-ad8a-eadbe9b0fcec
[Thu Jun 11 15:07:50 UTC 2026] Running ECL...
✅ Job completed. runId=a77636e4-79a5-4632-9eb0-122f0948c369
[Thu Jun 11 15:07:51 UTC 2026] Running LTV...
✅ Job completed. runId=443104ba-5965-4673-ad95-4e0588c11f4a
Sleeping for 5 minutes...
[Thu Jun 11 15:12:55 UTC 2026] Running RWA...
✅ Job completed. runId=5252eef5-7510-4a5c-b4e0-38202bba411a
[Thu Jun 11 15:12:57 UTC 2026] Running ECL...
✅ Job completed. runId=56360947-e3fe-4ff6-8dd7-3530341f5111
[Thu Jun 11 15:12:57 UTC 2026] Running LTV...
✅ Job completed. runId=4020475c-0aa9-4ee2-969c-20d6d37d705b
Sleeping for 5 minutes...
[Thu Jun 11 15:18:01 UTC 2026] Running RWA...
✅ Job completed. runId=965050e7-a543-43be-b9f8-f5eb41d5dd69
[Thu Jun 11 15:18:03 UTC 2026] Running ECL...
✅ Job completed. runId=e78cc5fb-c591-406e-8cc6-621c0e2a9340
[Thu Jun 11 15:18:04 UTC 2026] Running LTV...
✅ Job completed. runId=db94b37b-a654-4cca-8f2f-13ff4fa82ed8
Sleeping for 5 minutes...
[Thu Jun 11 15:23:09 UTC 2026] Running RWA...
✅ Job completed. runId=06bd29f3-b98a-4d09-a98f-47a69134edf3
[Thu Jun 11 15:23:11 UTC 2026] Running ECL...
✅ Job completed. runId=d142c53d-ff5b-451e-b2ef-07eec71a8e7a
[Thu Jun 11 15:23:11 UTC 2026] Running LTV...
✅ Job completed. runId=c5669e1c-20ad-41ab-96d5-6a97348fd251
Sleeping for 5 minutes...
[Thu Jun 11 16:51:29 UTC 2026] Running RWA...
✅ Job completed. runId=9efaef80-e019-4332-8e91-5f8981a4c521
[Thu Jun 11 16:51:31 UTC 2026] Running ECL...
✅ Job completed. runId=b7424978-5c62-4c35-847b-13253c57b1c9
[Thu Jun 11 16:51:32 UTC 2026] Running LTV...
✅ Job completed. runId=06519289-cc14-429a-9945-aeb22ddd2e44
Sleeping for 5 minutes...
[Thu Jun 11 16:56:30 UTC 2026] Running RWA...
✅ Job completed. runId=c9faf856-f28e-4158-894f-ea5bbd1e689c
[Thu Jun 11 16:56:32 UTC 2026] Running ECL...
✅ Job completed. runId=623fea2c-53de-4b62-b18d-af99c5c615d1
[Thu Jun 11 16:56:33 UTC 2026] Running LTV...
✅ Job completed. runId=2bb254c7-a673-48bd-8db5-cabb873e35e5
Sleeping for 5 minutes...
[Thu Jun 11 17:01:30 UTC 2026] Running RWA...
✅ Job completed. runId=5a81c977-d978-4ffa-ab5b-f5562bd74e71
[Thu Jun 11 17:01:32 UTC 2026] Running ECL...
✅ Job completed. runId=180971ff-a7de-41a4-b2dc-0baf1653cad6
[Thu Jun 11 17:01:33 UTC 2026] Running LTV...
✅ Job completed. runId=c640c50a-3c8a-4cc7-9be1-7cfe7a78b185
Sleeping for 5 minutes...
[Sat Jun 13 06:14:41 UTC 2026] Running RWA...
✅ Job completed. runId=957bf7d0-937d-4c48-a2ae-8e05dbc07445
[Sat Jun 13 06:14:43 UTC 2026] Running ECL...
✅ Job completed. runId=15de1469-8c90-4888-ab2a-5ac1c1142c7f
[Sat Jun 13 06:14:44 UTC 2026] Running LTV...
✅ Job completed. runId=e1ddc879-9e67-4d50-b657-b1fe0de8b30b
Sleeping for 5 minutes...
[Sat Jun 13 06:19:48 UTC 2026] Running RWA...
✅ Job completed. runId=3ceb4123-9779-45cd-85bd-5c6d034dc98a
[Sat Jun 13 06:19:49 UTC 2026] Running ECL...
✅ Job completed. runId=94c559e9-a94a-4364-8794-b0b6fef81b82
[Sat Jun 13 06:19:50 UTC 2026] Running LTV...
✅ Job completed. runId=caaa2217-3d7e-4aca-a811-566870ba1cc4
Sleeping for 5 minutes...
[Sat Jun 13 06:24:54 UTC 2026] Running RWA...
✅ Job completed. runId=314ae510-b895-4c28-bb4d-df91b5b81131
[Sat Jun 13 06:24:56 UTC 2026] Running ECL...
✅ Job completed. runId=1c6a140e-e3d1-4f62-ba71-f31926ab6246
[Sat Jun 13 06:24:57 UTC 2026] Running LTV...
✅ Job completed. runId=fc67ce2b-95ae-448f-8ee5-6e84d1426c65
Sleeping for 5 minutes...
[Sat Jun 13 06:30:00 UTC 2026] Running RWA...
✅ Job completed. runId=ce10986f-da20-40d9-ae0b-7ab3ec06c670
[Sat Jun 13 06:30:02 UTC 2026] Running ECL...
✅ Job completed. runId=e0d24561-2e65-4fea-b6ca-490f1bce4818
[Sat Jun 13 06:30:03 UTC 2026] Running LTV...
✅ Job completed. runId=b725cc2e-63bf-449d-aed7-b60ac16d54d4
Sleeping for 5 minutes...
[Sat Jun 13 06:35:06 UTC 2026] Running RWA...
✅ Job completed. runId=9b083d54-54fe-4ac9-b6cc-3c1d97c2383b
[Sat Jun 13 06:35:08 UTC 2026] Running ECL...
✅ Job completed. runId=255d694f-b12a-4909-9180-99fd66b5c9f1
[Sat Jun 13 06:35:09 UTC 2026] Running LTV...
✅ Job completed. runId=1b28de0b-b0f4-44df-ae27-35ce206982a5
Sleeping for 5 minutes...
[Sat Jun 13 06:40:13 UTC 2026] Running RWA...
✅ Job completed. runId=97aeb25d-37bf-4e5a-94e4-c67c3e2e8d27
[Sat Jun 13 06:40:14 UTC 2026] Running ECL...
✅ Job completed. runId=100288b6-21d9-48ff-aaa7-675a0528e7ce
[Sat Jun 13 06:40:15 UTC 2026] Running LTV...
✅ Job completed. runId=c339e827-a48a-45a3-af99-e1db3dca31a2
Sleeping for 5 minutes...
[Sat Jun 13 06:45:19 UTC 2026] Running RWA...
✅ Job completed. runId=b0d41a06-0dee-43fa-81e2-94297a1102c8
[Sat Jun 13 06:45:20 UTC 2026] Running ECL...
✅ Job completed. runId=1ac23b17-d7aa-4a19-bf0f-ffb8718328de
[Sat Jun 13 06:45:21 UTC 2026] Running LTV...
✅ Job completed. runId=424fabdf-9154-4780-935b-edcffdc757b1
Sleeping for 5 minutes...
[Sat Jun 13 06:50:25 UTC 2026] Running RWA...
✅ Job completed. runId=e5926bfa-ae90-4469-9c44-ed086dbf24ba
[Sat Jun 13 06:50:26 UTC 2026] Running ECL...
✅ Job completed. runId=fec797a1-c784-4630-be3d-6cfb3786f297
[Sat Jun 13 06:50:27 UTC 2026] Running LTV...
✅ Job completed. runId=4bfedf21-9627-47e7-b72c-f5ad1800bcec
Sleeping for 5 minutes...
[Sat Jun 13 06:55:31 UTC 2026] Running RWA...
✅ Job completed. runId=c155e73c-db7d-4462-ac86-fb9130e7ca0d
[Sat Jun 13 06:55:33 UTC 2026] Running ECL...
✅ Job completed. runId=e1360f34-de11-42e4-bcce-974d4bf99c0c
[Sat Jun 13 06:55:34 UTC 2026] Running LTV...
✅ Job completed. runId=6aa37c17-e387-4c4f-a7d7-8878700a4f6f
Sleeping for 5 minutes...
[Sat Jun 13 07:00:37 UTC 2026] Running RWA...
✅ Job completed. runId=1703e1dc-a08b-4c63-8ceb-72a7ea92c376
[Sat Jun 13 07:00:39 UTC 2026] Running ECL...
✅ Job completed. runId=240416a7-46ae-43ad-bdd4-f40d3722cc44
[Sat Jun 13 07:00:40 UTC 2026] Running LTV...
✅ Job completed. runId=9be20073-d738-4842-80e6-a79964128cd8
Sleeping for 5 minutes...
[Sat Jun 13 07:05:43 UTC 2026] Running RWA...
✅ Job completed. runId=cc350969-d944-4a18-b1ad-6b96dd4d2568
[Sat Jun 13 07:05:45 UTC 2026] Running ECL...
✅ Job completed. runId=114ea1b0-ab2e-40e0-a0a7-5b0b009397c6
[Sat Jun 13 07:05:46 UTC 2026] Running LTV...
✅ Job completed. runId=3dc9247e-00b2-469f-9d3d-fb543d074603
Sleeping for 5 minutes...
[Sat Jun 13 07:10:49 UTC 2026] Running RWA...
✅ Job completed. runId=ad0edd48-08fe-41d9-a94f-bd87eb2b879e
[Sat Jun 13 07:10:51 UTC 2026] Running ECL...
✅ Job completed. runId=73f19eda-f734-4348-9f90-6f406eb896b6
[Sat Jun 13 07:10:52 UTC 2026] Running LTV...
✅ Job completed. runId=20031281-5bbb-448d-9eab-bf11686d3e04
Sleeping for 5 minutes...
[Sat Jun 13 07:15:56 UTC 2026] Running RWA...
✅ Job completed. runId=b8cfff1c-d755-43c8-8bdf-ac6e3176af58
[Sat Jun 13 07:15:57 UTC 2026] Running ECL...
✅ Job completed. runId=261ffb1b-426a-4da3-959e-88a87c7e7788
[Sat Jun 13 07:15:58 UTC 2026] Running LTV...
✅ Job completed. runId=f8f1b256-2ef0-42ef-a19f-ef6677d5e02f
Sleeping for 5 minutes...
[Sat Jun 13 07:21:02 UTC 2026] Running RWA...
✅ Job completed. runId=e72613ac-1f91-4f99-bd22-aaccc2c970a2
[Sat Jun 13 07:21:03 UTC 2026] Running ECL...
✅ Job completed. runId=6999f645-deef-4c6a-bb55-452ddae8439d
[Sat Jun 13 07:21:04 UTC 2026] Running LTV...
✅ Job completed. runId=a1994ef2-749f-4ff5-9b68-c8db34db3a4d
Sleeping for 5 minutes...
[Sat Jun 13 07:26:08 UTC 2026] Running RWA...
✅ Job completed. runId=16849a05-bd48-4e77-81eb-53830982472f
[Sat Jun 13 07:26:10 UTC 2026] Running ECL...
✅ Job completed. runId=37541b2d-ac16-4ad4-a66e-0f232f515194
[Sat Jun 13 07:26:11 UTC 2026] Running LTV...
✅ Job completed. runId=c2f7fe5c-ed85-4284-a938-0ca16c7fe445
Sleeping for 5 minutes...
[Sat Jun 13 07:31:14 UTC 2026] Running RWA...
✅ Job completed. runId=9df33689-1166-4962-bef6-944471f453f3
[Sat Jun 13 07:31:16 UTC 2026] Running ECL...
✅ Job completed. runId=a2f77feb-250c-43bd-92b7-4b3256764885
[Sat Jun 13 07:31:17 UTC 2026] Running LTV...
✅ Job completed. runId=02a324df-6040-4d86-8d10-e38017b13c51
Sleeping for 5 minutes...
[Sat Jun 13 10:33:14 UTC 2026] Running RWA...
✅ Job completed. runId=776f4be3-4689-44dd-995c-8a69a2d8e257
[Sat Jun 13 10:33:16 UTC 2026] Running ECL...
✅ Job completed. runId=861780c0-6b4c-4e01-99cd-098dcddf2440
[Sat Jun 13 10:33:17 UTC 2026] Running LTV...
✅ Job completed. runId=467da77b-29de-4128-9d19-f2bb5d16c804
Sleeping for 5 minutes...
[Sat Jun 13 10:38:16 UTC 2026] Running RWA...
✅ Job completed. runId=14dc5bd8-ac4b-4903-9960-588550676486
[Sat Jun 13 10:38:18 UTC 2026] Running ECL...
✅ Job completed. runId=2800edf2-dcc5-4e0c-8bd3-5009ca73420a
[Sat Jun 13 10:38:19 UTC 2026] Running LTV...
✅ Job completed. runId=998408c2-d58f-47b6-8d2e-8a0e7deeb0f2
Sleeping for 5 minutes...
[Sat Jun 13 10:43:20 UTC 2026] Running RWA...
✅ Job completed. runId=178af5ca-088e-442d-b6e8-2ea99aa737fa
[Sat Jun 13 10:43:21 UTC 2026] Running ECL...
✅ Job completed. runId=c7144df2-6a22-44fc-a07e-541f0fe3e121
[Sat Jun 13 10:43:22 UTC 2026] Running LTV...
✅ Job completed. runId=e7492561-eb05-4757-a326-cdd8b2e1c818
Sleeping for 5 minutes...
[Sat Jun 13 10:48:23 UTC 2026] Running RWA...
✅ Job completed. runId=b5d35dd3-0245-4dc7-9f9c-a62e92e04377
[Sat Jun 13 10:48:25 UTC 2026] Running ECL...
✅ Job completed. runId=548628cc-d5c6-42ee-a466-499a279f5c23
[Sat Jun 13 10:48:26 UTC 2026] Running LTV...
✅ Job completed. runId=5b20accf-1219-4b09-9a75-21cfe00cb88b
Sleeping for 5 minutes...
[Sat Jun 13 10:53:23 UTC 2026] Running RWA...
✅ Job completed. runId=92a36e8a-f851-4728-92da-10f6a005b22c
[Sat Jun 13 10:53:25 UTC 2026] Running ECL...
✅ Job completed. runId=8adf78a4-3838-406b-b9a6-50875a26ed7d
[Sat Jun 13 10:53:26 UTC 2026] Running LTV...
✅ Job completed. runId=6b4016ce-e1a6-4d8d-bafd-b0ea05ec3d69
Sleeping for 5 minutes...
[Sat Jun 13 10:58:27 UTC 2026] Running RWA...
✅ Job completed. runId=cbfd51a2-7603-4df3-a12b-a1f1f59784de
[Sat Jun 13 10:58:29 UTC 2026] Running ECL...
✅ Job completed. runId=92e15efc-cf26-4a5f-a978-70aeebdae40b
[Sat Jun 13 10:58:30 UTC 2026] Running LTV...
✅ Job completed. runId=945302bc-2e19-4740-8101-5e1ea9667d00
Sleeping for 5 minutes...
