nohup: ignoring input
[Thu Jun 11 06:29:40 UTC 2026] Running RWA...
✅ Job completed. runId=c3da442d-373c-49aa-aa95-1339ca483171
[Thu Jun 11 06:29:40 UTC 2026] Running ECL...
✅ Job completed. runId=8a50fcc0-ba65-4e96-a79c-dd50dee852b1
[Thu Jun 11 06:29:41 UTC 2026] Running LTV...
{"timestamp":"2026-06-11T06:29:42.594Z","status":500,"error":"Internal Server Error","path":"/run/LTV"}
Sleeping for 5 minutes...
[Thu Jun 11 06:34:42 UTC 2026] Running RWA...
✅ Job completed. runId=347845c3-3ad8-4bc0-aa2a-960501e0595d
[Thu Jun 11 06:34:43 UTC 2026] Running ECL...
✅ Job completed. runId=d46ab527-871a-47bb-9794-447dcde19888
[Thu Jun 11 06:34:44 UTC 2026] Running LTV...
{"timestamp":"2026-06-11T06:34:45.039Z","status":500,"error":"Internal Server Error","path":"/run/LTV"}
Sleeping for 5 minutes...
[Thu Jun 11 06:39:45 UTC 2026] Running RWA...
✅ Job completed. runId=7c49afdb-2dfc-4e81-84d8-09d06dc85331
[Thu Jun 11 06:39:45 UTC 2026] Running ECL...
✅ Job completed. runId=aedaf2e2-f20b-4ef5-a7fa-c4d12b7a1288
[Thu Jun 11 06:39:46 UTC 2026] Running LTV...
{"timestamp":"2026-06-11T06:39:47.489Z","status":500,"error":"Internal Server Error","path":"/run/LTV"}
Sleeping for 5 minutes...
[Thu Jun 11 06:44:47 UTC 2026] Running RWA...
✅ Job completed. runId=1485c158-17e0-4ebc-a45f-472344ec7edb
[Thu Jun 11 06:44:48 UTC 2026] Running ECL...
✅ Job completed. runId=6b7bedba-8397-41cd-ad2a-713e2f0cf514
[Thu Jun 11 06:44:49 UTC 2026] Running LTV...
{"timestamp":"2026-06-11T06:44:49.934Z","status":500,"error":"Internal Server Error","path":"/run/LTV"}
Sleeping for 5 minutes...
[Thu Jun 11 06:49:49 UTC 2026] Running RWA...
✅ Job completed. runId=bd6659f1-92c5-474d-a84f-0a687a3d1c1b
[Thu Jun 11 06:49:50 UTC 2026] Running ECL...
✅ Job completed. runId=c84e62f4-0ae6-4619-b9bb-dfba00f77ab9
[Thu Jun 11 06:49:51 UTC 2026] Running LTV...
{"timestamp":"2026-06-11T06:49:52.375Z","status":500,"error":"Internal Server Error","path":"/run/LTV"}
Sleeping for 5 minutes...
[Thu Jun 11 06:54:52 UTC 2026] Running RWA...
✅ Job completed. runId=03852dd3-2de6-48a3-ad02-ae8d2dbab335
[Thu Jun 11 06:54:53 UTC 2026] Running ECL...
✅ Job completed. runId=92b34b3f-aea4-442a-9215-2f4d1feb3ace
[Thu Jun 11 06:54:54 UTC 2026] Running LTV...
{"timestamp":"2026-06-11T06:54:54.837Z","status":500,"error":"Internal Server Error","path":"/run/LTV"}
Sleeping for 5 minutes...
[Thu Jun 11 06:59:54 UTC 2026] Running RWA...
✅ Job completed. runId=94214700-21c6-4120-8fbf-8201eb59a92f
[Thu Jun 11 06:59:55 UTC 2026] Running ECL...
✅ Job completed. runId=2c1ca4f1-b59a-4e87-a374-ceb00dcef9c6
[Thu Jun 11 06:59:56 UTC 2026] Running LTV...
{"timestamp":"2026-06-11T06:59:57.308Z","status":500,"error":"Internal Server Error","path":"/run/LTV"}
Sleeping for 5 minutes...
[Thu Jun 11 07:04:57 UTC 2026] Running RWA...
✅ Job completed. runId=42d90e10-27ee-4483-a281-2df6ad0c5b97
[Thu Jun 11 07:04:58 UTC 2026] Running ECL...
✅ Job completed. runId=42cadee3-6d92-494d-b34b-ec30ffb3a85d
[Thu Jun 11 07:04:58 UTC 2026] Running LTV...
{"timestamp":"2026-06-11T07:04:59.754Z","status":500,"error":"Internal Server Error","path":"/run/LTV"}
Sleeping for 5 minutes...
